Using pre-set license
Built from '2020.3/staging' branch; Version is '2020.3.46f1 (18bc01a066b4) revision 1620993'; Using compiler version '192528614'; Build Type 'Release'
OS: 'Windows 11  (10.0.22621) 64bit Core' Language: 'fr' Physical Memory: 16247 MB
BatchMode: 1, IsHumanControllingUs: 0, StartBugReporterOnCrash: 0, Is64bit: 1, IsPro: 0

COMMAND LINE ARGUMENTS:
C:\Program Files\Unity 2020.3.46f1\Editor\Unity.exe
-adb2
-batchMode
-noUpm
-name
AssetImportWorker0
-projectPath
C:/Users/alexi/Mon Drive/Projets Unity/Game 2D
-logFile
Logs/AssetImportWorker0.log
-srvPort
53680
Successfully changed project path to: C:/Users/alexi/Mon Drive/Projets Unity/Game 2D
C:/Users/alexi/Mon Drive/Projets Unity/Game 2D
Using Asset Import Pipeline V2.
Player connection [28012] Host "[IP] 192.168.1.54 [Port] 3221443040 [Flags] 2 [Guid] 3670967740 [EditorId] 3670967740 [Version] 1048832 [Id] WindowsEditor(7,DESKTOP-LTMOI1P) [Debug] 1 [PackageName] WindowsEditor [ProjectName] Editor" joined multi-casting on [225.0.0.222:54997]...

Player connection [28012] Host "[IP] 192.168.1.54 [Port] 3221443040 [Flags] 2 [Guid] 3670967740 [EditorId] 3670967740 [Version] 1048832 [Id] WindowsEditor(7,DESKTOP-LTMOI1P) [Debug] 1 [PackageName] WindowsEditor [ProjectName] Editor" joined alternative multi-casting on [225.0.0.222:34997]...

Refreshing native plugins compatible for Editor in 76.83 ms, found 3 plugins.
Preloading 0 native plugins for Editor in 0.00 ms.
Initialize engine version: 2020.3.46f1 (18bc01a066b4)
[Subsystems] Discovering subsystems at path C:/Program Files/Unity 2020.3.46f1/Editor/Data/Resources/UnitySubsystems
[Subsystems] Discovering subsystems at path C:/Users/alexi/Mon Drive/Projets Unity/Game 2D/Assets
GfxDevice: creating device client; threaded=0
Direct3D:
    Version:  Direct3D 11.0 [level 11.1]
    Renderer: NVIDIA GeForce GTX 1660 SUPER (ID=0x21c4)
    Vendor:   
    VRAM:     5980 MB
    Driver:   31.0.15.2656
Initialize mono
Mono path[0] = 'C:/Program Files/Unity 2020.3.46f1/Editor/Data/Managed'
Mono path[1] = 'C:/Program Files/Unity 2020.3.46f1/Editor/Data/MonoBleedingEdge/lib/mono/unityjit'
Mono config path = 'C:/Program Files/Unity 2020.3.46f1/Editor/Data/MonoBleedingEdge/etc'
Using monoOptions --debugger-agent=transport=dt_socket,embedding=1,server=y,suspend=n,address=127.0.0.1:56000
Begin MonoManager ReloadAssembly
Registering precompiled unity dll's ...
Register platform support module: C:/Program Files/Unity 2020.3.46f1/Editor/Data/PlaybackEngines/WindowsStandaloneSupport/UnityEditor.WindowsStandalone.Extensions.dll
Registered in 0.001599 seconds.
Native extension for WindowsStandalone target not found
Refreshing native plugins compatible for Editor in 72.51 ms, found 3 plugins.
Preloading 0 native plugins for Editor in 0.00 ms.
Mono: successfully reloaded assembly
- Completed reload, in  0.674 seconds
Domain Reload Profiling:
	ReloadAssembly (674ms)
		BeginReloadAssembly (84ms)
			ExecutionOrderSort (0ms)
			DisableScriptedObjects (0ms)
			BackupInstance (0ms)
			ReleaseScriptingObjects (0ms)
			CreateAndSetChildDomain (1ms)
		EndReloadAssembly (517ms)
			LoadAssemblies (81ms)
			RebuildTransferFunctionScriptingTraits (0ms)
			SetupTypeCache (175ms)
			ReleaseScriptCaches (0ms)
			RebuildScriptCaches (31ms)
			SetupLoadedEditorAssemblies (212ms)
				LogAssemblyErrors (0ms)
				InitializePlatformSupportModulesInManaged (5ms)
				SetLoadedEditorAssemblies (0ms)
				RefreshPlugins (73ms)
				BeforeProcessingInitializeOnLoad (15ms)
				ProcessInitializeOnLoadAttributes (88ms)
				ProcessInitializeOnLoadMethodAttributes (31ms)
				AfterProcessingInitializeOnLoad (0ms)
				EditorAssembliesLoaded (0ms)
			ExecutionOrderSort2 (0ms)
			AwakeInstancesAfterBackupRestoration (0ms)
Platform modules already initialized, skipping
Registering precompiled user dll's ...
Registered in 0.004739 seconds.
Begin MonoManager ReloadAssembly
Native extension for WindowsStandalone target not found
Refreshing native plugins compatible for Editor in 68.52 ms, found 3 plugins.
Preloading 0 native plugins for Editor in 0.00 ms.
Mono: successfully reloaded assembly
- Completed reload, in  1.252 seconds
Domain Reload Profiling:
	ReloadAssembly (1252ms)
		BeginReloadAssembly (156ms)
			ExecutionOrderSort (0ms)
			DisableScriptedObjects (5ms)
			BackupInstance (0ms)
			ReleaseScriptingObjects (0ms)
			CreateAndSetChildDomain (18ms)
		EndReloadAssembly (1028ms)
			LoadAssemblies (108ms)
			RebuildTransferFunctionScriptingTraits (0ms)
			SetupTypeCache (339ms)
			ReleaseScriptCaches (1ms)
			RebuildScriptCaches (59ms)
			SetupLoadedEditorAssemblies (412ms)
				LogAssemblyErrors (0ms)
				InitializePlatformSupportModulesInManaged (3ms)
				SetLoadedEditorAssemblies (0ms)
				RefreshPlugins (69ms)
				BeforeProcessingInitializeOnLoad (101ms)
				ProcessInitializeOnLoadAttributes (211ms)
				ProcessInitializeOnLoadMethodAttributes (22ms)
				AfterProcessingInitializeOnLoad (5ms)
				EditorAssembliesLoaded (0ms)
			ExecutionOrderSort2 (0ms)
			AwakeInstancesAfterBackupRestoration (2ms)
Platform modules already initialized, skipping
========================================================================
Worker process is ready to serve import requests
Launched and connected shader compiler UnityShaderCompiler.exe after 0.04 seconds
Refreshing native plugins compatible for Editor in 0.63 ms, found 3 plugins.
Preloading 0 native plugins for Editor in 0.00 ms.
Unloading 3237 Unused Serialized files (Serialized files now loaded: 0)
System memory in use before: 161.4 MB.
System memory in use after: 161.6 MB.

Unloading 25 unused Assets to reduce memory usage. Loaded Objects now: 3700.
Total: 3.330700 ms (FindLiveObjects: 0.239400 ms CreateObjectMapping: 0.121800 ms MarkObjects: 2.935100 ms  DeleteObjects: 0.032900 ms)

AssetImportParameters requested are different than current active one (requested -> active):
  custom:framework-win-MediaFoundation: 216162199b28c13a410421893ffa2e32 -> 
  custom:video-decoder-ogg-theora: a1e56fd34408186e4bbccfd4996cb3dc -> 
  custom:container-muxer-webm: aa71ff27fc2769a1b78a27578f13a17b -> 
  custom:container-demuxer-webm: 4f35f7cbe854078d1ac9338744f61a02 -> 
  custom:container-demuxer-ogg: 62fdf1f143b41e24485cea50d1cbac27 -> 
  custom:video-encoder-webm-vp8: eb34c28f22e8b96e1ab97ce403110664 -> 
  custom:video-codec-MediaFoundation-h265: 746d11721c4dcdbdad8f713fa42b33f4 -> 
  custom:video-decoder-webm-vp8: 9c59270c3fd7afecdb556c50c9e8de78 -> 
  custom:audio-decoder-ogg-vorbis: bf7c407c2cedff20999df2af8eb42d56 -> 
  custom:audio-encoder-webm-vorbis: bf7c407c2cedff20999df2af8eb42d56 -> 
========================================================================
Received Prepare
Refreshing native plugins compatible for Editor in 4.49 ms, found 3 plugins.
Preloading 0 native plugins for Editor in 0.00 ms.
Unloading 13 Unused Serialized files (Serialized files now loaded: 0)
System memory in use before: 91.8 MB.
System memory in use after: 92.0 MB.

Unloading 13 unused Assets to reduce memory usage. Loaded Objects now: 3700.
Total: 3.359300 ms (FindLiveObjects: 0.249800 ms CreateObjectMapping: 0.148100 ms MarkObjects: 2.939200 ms  DeleteObjects: 0.021100 ms)

AssetImportParameters requested are different than current active one (requested -> active):
  custom:framework-win-MediaFoundation: 216162199b28c13a410421893ffa2e32 -> 
  custom:video-decoder-ogg-theora: a1e56fd34408186e4bbccfd4996cb3dc -> 
  custom:container-muxer-webm: aa71ff27fc2769a1b78a27578f13a17b -> 
  custom:container-demuxer-webm: 4f35f7cbe854078d1ac9338744f61a02 -> 
  custom:container-demuxer-ogg: 62fdf1f143b41e24485cea50d1cbac27 -> 
  custom:video-encoder-webm-vp8: eb34c28f22e8b96e1ab97ce403110664 -> 
  custom:video-codec-MediaFoundation-h265: 746d11721c4dcdbdad8f713fa42b33f4 -> 
  custom:video-decoder-webm-vp8: 9c59270c3fd7afecdb556c50c9e8de78 -> 
  custom:audio-decoder-ogg-vorbis: bf7c407c2cedff20999df2af8eb42d56 -> 
  custom:audio-encoder-webm-vorbis: bf7c407c2cedff20999df2af8eb42d56 -> 
========================================================================
Received Import Request.
  path: Assets/Scenes/Level01.unity
  artifactKey: Guid(f671241097a1ba944bb669c2fc618b21) Importer(815301076,1909f56bfc062723c751e8b465ee728b)
Start importing Assets/Scenes/Level01.unity using Guid(f671241097a1ba944bb669c2fc618b21) Importer(815301076,1909f56bfc062723c751e8b465ee728b)  -> (artifact id: '43b6d2d7e3f5e25ba9a5bb5fdb58e445') in 0.004601 seconds 
========================================================================
Received Import Request.
  Time since last request: 24.913136 seconds.
  path: Assets/Prefabs/UI/SettingsWindow.prefab
  artifactKey: Guid(087e74311d07e1c40933bfa31ac231d5) Importer(815301076,1909f56bfc062723c751e8b465ee728b)
Start importing Assets/Prefabs/UI/SettingsWindow.prefab using Guid(087e74311d07e1c40933bfa31ac231d5) Importer(815301076,1909f56bfc062723c751e8b465ee728b)  -> (artifact id: '2aa91c11a8e18e81402e9fd0d50d4927') in 0.122330 seconds 
========================================================================
Received Import Request.
  Time since last request: 2.798091 seconds.
  path: Assets/Prefabs/UI/SettingsWindow.prefab
  artifactKey: Guid(087e74311d07e1c40933bfa31ac231d5) Importer(815301076,1909f56bfc062723c751e8b465ee728b)
Start importing Assets/Prefabs/UI/SettingsWindow.prefab using Guid(087e74311d07e1c40933bfa31ac231d5) Importer(815301076,1909f56bfc062723c751e8b465ee728b)  -> (artifact id: 'fcbc85857c0da4c72ac43757ce25934e') in 0.010563 seconds 
========================================================================
Received Import Request.
  Time since last request: 28.251976 seconds.
  path: Assets/Prefabs/UI/SettingsWindow.prefab
  artifactKey: Guid(087e74311d07e1c40933bfa31ac231d5) Importer(815301076,1909f56bfc062723c751e8b465ee728b)
Start importing Assets/Prefabs/UI/SettingsWindow.prefab using Guid(087e74311d07e1c40933bfa31ac231d5) Importer(815301076,1909f56bfc062723c751e8b465ee728b)  -> (artifact id: '7eb09f37e2c2bc446ae1818a69e1c044') in 0.009385 seconds 
========================================================================
Received Import Request.
  Time since last request: 6.659167 seconds.
  path: Assets/Prefabs/UI/SettingsWindow.prefab
  artifactKey: Guid(087e74311d07e1c40933bfa31ac231d5) Importer(815301076,1909f56bfc062723c751e8b465ee728b)
Start importing Assets/Prefabs/UI/SettingsWindow.prefab using Guid(087e74311d07e1c40933bfa31ac231d5) Importer(815301076,1909f56bfc062723c751e8b465ee728b)  -> (artifact id: '80a94791feacc974ba1b1eace406b592') in 0.009305 seconds 
========================================================================
Received Import Request.
  Time since last request: 1.820949 seconds.
  path: Assets/Prefabs/UI/SettingsWindow.prefab
  artifactKey: Guid(087e74311d07e1c40933bfa31ac231d5) Importer(815301076,1909f56bfc062723c751e8b465ee728b)
Start importing Assets/Prefabs/UI/SettingsWindow.prefab using Guid(087e74311d07e1c40933bfa31ac231d5) Importer(815301076,1909f56bfc062723c751e8b465ee728b)  -> (artifact id: '8fc028de1560556db64937a8b6b7b0e4') in 0.007392 seconds 
========================================================================
Received Import Request.
  Time since last request: 1.989748 seconds.
  path: Assets/Prefabs/UI/SettingsWindow.prefab
  artifactKey: Guid(087e74311d07e1c40933bfa31ac231d5) Importer(815301076,1909f56bfc062723c751e8b465ee728b)
Start importing Assets/Prefabs/UI/SettingsWindow.prefab using Guid(087e74311d07e1c40933bfa31ac231d5) Importer(815301076,1909f56bfc062723c751e8b465ee728b)  -> (artifact id: '9ca2d48c16668cb579f117409a619113') in 0.009023 seconds 
========================================================================
Received Import Request.
  Time since last request: 1.406587 seconds.
  path: Assets/Prefabs/UI/SettingsWindow.prefab
  artifactKey: Guid(087e74311d07e1c40933bfa31ac231d5) Importer(815301076,1909f56bfc062723c751e8b465ee728b)
Start importing Assets/Prefabs/UI/SettingsWindow.prefab using Guid(087e74311d07e1c40933bfa31ac231d5) Importer(815301076,1909f56bfc062723c751e8b465ee728b)  -> (artifact id: '25f90347696819b346bb8473e5d61a8d') in 0.006707 seconds 
========================================================================
Received Import Request.
  Time since last request: 13.752648 seconds.
  path: Assets/Prefabs/UI/SettingsWindow.prefab
  artifactKey: Guid(087e74311d07e1c40933bfa31ac231d5) Importer(815301076,1909f56bfc062723c751e8b465ee728b)
Start importing Assets/Prefabs/UI/SettingsWindow.prefab using Guid(087e74311d07e1c40933bfa31ac231d5) Importer(815301076,1909f56bfc062723c751e8b465ee728b)  -> (artifact id: '8aa7d0a0262669d87d1819954d74fe1e') in 0.007206 seconds 
========================================================================
Received Import Request.
  Time since last request: 1.400296 seconds.
  path: Assets/Prefabs/UI/SettingsWindow.prefab
  artifactKey: Guid(087e74311d07e1c40933bfa31ac231d5) Importer(815301076,1909f56bfc062723c751e8b465ee728b)
Start importing Assets/Prefabs/UI/SettingsWindow.prefab using Guid(087e74311d07e1c40933bfa31ac231d5) Importer(815301076,1909f56bfc062723c751e8b465ee728b)  -> (artifact id: '9ba62f0a9acd61e5be4c71d233fa3b1d') in 0.007425 seconds 
========================================================================
Received Import Request.
  Time since last request: 23.486162 seconds.
  path: Assets/Prefabs/UI/SettingsWindow.prefab
  artifactKey: Guid(087e74311d07e1c40933bfa31ac231d5) Importer(815301076,1909f56bfc062723c751e8b465ee728b)
Start importing Assets/Prefabs/UI/SettingsWindow.prefab using Guid(087e74311d07e1c40933bfa31ac231d5) Importer(815301076,1909f56bfc062723c751e8b465ee728b)  -> (artifact id: '57a77b877b832eccb927beceeb9b34c3') in 0.008908 seconds 
========================================================================
Received Import Request.
  Time since last request: 4.856513 seconds.
  path: Assets/Prefabs/UI/SettingsWindow.prefab
  artifactKey: Guid(087e74311d07e1c40933bfa31ac231d5) Importer(815301076,1909f56bfc062723c751e8b465ee728b)
Start importing Assets/Prefabs/UI/SettingsWindow.prefab using Guid(087e74311d07e1c40933bfa31ac231d5) Importer(815301076,1909f56bfc062723c751e8b465ee728b)  -> (artifact id: '16af9e002786bd4dd1a690bb1d979358') in 0.006512 seconds 
========================================================================
Received Import Request.
  Time since last request: 28.271242 seconds.
  path: Assets/Prefabs/UI/SettingsWindow.prefab
  artifactKey: Guid(087e74311d07e1c40933bfa31ac231d5) Importer(815301076,1909f56bfc062723c751e8b465ee728b)
Start importing Assets/Prefabs/UI/SettingsWindow.prefab using Guid(087e74311d07e1c40933bfa31ac231d5) Importer(815301076,1909f56bfc062723c751e8b465ee728b)  -> (artifact id: '448dbefdab4e9833817397dcdd61eacf') in 0.009444 seconds 
========================================================================
Received Import Request.
  Time since last request: 22.063129 seconds.
  path: Assets/Prefabs/UI/SettingsWindow.prefab
  artifactKey: Guid(087e74311d07e1c40933bfa31ac231d5) Importer(815301076,1909f56bfc062723c751e8b465ee728b)
Start importing Assets/Prefabs/UI/SettingsWindow.prefab using Guid(087e74311d07e1c40933bfa31ac231d5) Importer(815301076,1909f56bfc062723c751e8b465ee728b)  -> (artifact id: '1d817305050c3e72bc2b7efb3f201101') in 0.008846 seconds 
========================================================================
Received Import Request.
  Time since last request: 2.637106 seconds.
  path: Assets/Prefabs/UI/SettingsWindow.prefab
  artifactKey: Guid(087e74311d07e1c40933bfa31ac231d5) Importer(815301076,1909f56bfc062723c751e8b465ee728b)
Start importing Assets/Prefabs/UI/SettingsWindow.prefab using Guid(087e74311d07e1c40933bfa31ac231d5) Importer(815301076,1909f56bfc062723c751e8b465ee728b)  -> (artifact id: 'ef9a289dd6d39a4278cf505d0bfd5f87') in 0.007295 seconds 
========================================================================
Received Import Request.
  Time since last request: 6.751563 seconds.
  path: Assets/Prefabs/UI/SettingsWindow.prefab
  artifactKey: Guid(087e74311d07e1c40933bfa31ac231d5) Importer(815301076,1909f56bfc062723c751e8b465ee728b)
Start importing Assets/Prefabs/UI/SettingsWindow.prefab using Guid(087e74311d07e1c40933bfa31ac231d5) Importer(815301076,1909f56bfc062723c751e8b465ee728b)  -> (artifact id: 'a251aa9a8d561f00260020548a243633') in 0.006901 seconds 
========================================================================
Received Import Request.
  Time since last request: 33.612381 seconds.
  path: Assets/Scenes/MainMenu.unity
  artifactKey: Guid(7cd7f589d978dd84982aa2f93ced56bc) Importer(815301076,1909f56bfc062723c751e8b465ee728b)
Start importing Assets/Scenes/MainMenu.unity using Guid(7cd7f589d978dd84982aa2f93ced56bc) Importer(815301076,1909f56bfc062723c751e8b465ee728b)  -> (artifact id: 'c29a8ff3d4221ecc1758f717d461e4bf') in 0.002946 seconds 
========================================================================
Received Prepare
Registering precompiled user dll's ...
Registered in 0.004635 seconds.
Begin MonoManager ReloadAssembly
Native extension for WindowsStandalone target not found
Refreshing native plugins compatible for Editor in 1.37 ms, found 3 plugins.
Preloading 0 native plugins for Editor in 0.00 ms.
Mono: successfully reloaded assembly
- Completed reload, in  1.292 seconds
Domain Reload Profiling:
	ReloadAssembly (1292ms)
		BeginReloadAssembly (126ms)
			ExecutionOrderSort (0ms)
			DisableScriptedObjects (6ms)
			BackupInstance (0ms)
			ReleaseScriptingObjects (0ms)
			CreateAndSetChildDomain (39ms)
		EndReloadAssembly (1087ms)
			LoadAssemblies (113ms)
			RebuildTransferFunctionScriptingTraits (0ms)
			SetupTypeCache (399ms)
			ReleaseScriptCaches (1ms)
			RebuildScriptCaches (57ms)
			SetupLoadedEditorAssemblies (399ms)
				LogAssemblyErrors (0ms)
				InitializePlatformSupportModulesInManaged (4ms)
				SetLoadedEditorAssemblies (1ms)
				RefreshPlugins (1ms)
				BeforeProcessingInitializeOnLoad (115ms)
				ProcessInitializeOnLoadAttributes (257ms)
				ProcessInitializeOnLoadMethodAttributes (14ms)
				AfterProcessingInitializeOnLoad (6ms)
				EditorAssembliesLoaded (0ms)
			ExecutionOrderSort2 (0ms)
			AwakeInstancesAfterBackupRestoration (8ms)
Platform modules already initialized, skipping
Refreshing native plugins compatible for Editor in 0.98 ms, found 3 plugins.
Preloading 0 native plugins for Editor in 0.00 ms.
Unloading 3122 Unused Serialized files (Serialized files now loaded: 0)
System memory in use before: 153.8 MB.
System memory in use after: 154.1 MB.

Unloading 21 unused Assets to reduce memory usage. Loaded Objects now: 3706.
Total: 3.961100 ms (FindLiveObjects: 0.267200 ms CreateObjectMapping: 0.147700 ms MarkObjects: 3.501100 ms  DeleteObjects: 0.043700 ms)

AssetImportParameters requested are different than current active one (requested -> active):
  custom:framework-win-MediaFoundation: 216162199b28c13a410421893ffa2e32 -> 
  custom:video-decoder-ogg-theora: a1e56fd34408186e4bbccfd4996cb3dc -> 
  custom:container-muxer-webm: aa71ff27fc2769a1b78a27578f13a17b -> 
  custom:container-demuxer-webm: 4f35f7cbe854078d1ac9338744f61a02 -> 
  custom:container-demuxer-ogg: 62fdf1f143b41e24485cea50d1cbac27 -> 
  custom:video-encoder-webm-vp8: eb34c28f22e8b96e1ab97ce403110664 -> 
  custom:video-codec-MediaFoundation-h265: 746d11721c4dcdbdad8f713fa42b33f4 -> 
  custom:video-decoder-webm-vp8: 9c59270c3fd7afecdb556c50c9e8de78 -> 
  custom:audio-decoder-ogg-vorbis: bf7c407c2cedff20999df2af8eb42d56 -> 
  custom:audio-encoder-webm-vorbis: bf7c407c2cedff20999df2af8eb42d56 -> 
========================================================================
Received Import Request.
  Time since last request: 84.214184 seconds.
  path: Assets/Physics
  artifactKey: Guid(3f6a172614811034297bfe04b987951e) Importer(815301076,1909f56bfc062723c751e8b465ee728b)
Start importing Assets/Physics using Guid(3f6a172614811034297bfe04b987951e) Importer(815301076,1909f56bfc062723c751e8b465ee728b)  -> (artifact id: 'cf84781262d856938f750c9e86c7e3e3') in 0.007667 seconds 
========================================================================
Received Import Request.
  Time since last request: 67.016586 seconds.
  path: Assets/Prefabs/UI/SettingsWindow.prefab
  artifactKey: Guid(087e74311d07e1c40933bfa31ac231d5) Importer(815301076,1909f56bfc062723c751e8b465ee728b)
Start importing Assets/Prefabs/UI/SettingsWindow.prefab using Guid(087e74311d07e1c40933bfa31ac231d5) Importer(815301076,1909f56bfc062723c751e8b465ee728b)  -> (artifact id: '3af6fb4336b0b3df7d7402c5f951d6dc') in 0.066218 seconds 
========================================================================
Received Import Request.
  Time since last request: 3.782966 seconds.
  path: Assets/Prefabs/UI/SettingsWindow.prefab
  artifactKey: Guid(087e74311d07e1c40933bfa31ac231d5) Importer(815301076,1909f56bfc062723c751e8b465ee728b)
Start importing Assets/Prefabs/UI/SettingsWindow.prefab using Guid(087e74311d07e1c40933bfa31ac231d5) Importer(815301076,1909f56bfc062723c751e8b465ee728b)  -> (artifact id: 'bc5da87a577ae8bb6148ac42be254062') in 0.008758 seconds 
========================================================================
Received Import Request.
  Time since last request: 5.356800 seconds.
  path: Assets/Prefabs/UI/SettingsWindow.prefab
  artifactKey: Guid(087e74311d07e1c40933bfa31ac231d5) Importer(815301076,1909f56bfc062723c751e8b465ee728b)
Start importing Assets/Prefabs/UI/SettingsWindow.prefab using Guid(087e74311d07e1c40933bfa31ac231d5) Importer(815301076,1909f56bfc062723c751e8b465ee728b)  -> (artifact id: '84d27fb991f125e854fd4d01b0677dc1') in 0.008362 seconds 
========================================================================
Received Import Request.
  Time since last request: 3.265702 seconds.
  path: Assets/Prefabs/UI/SettingsWindow.prefab
  artifactKey: Guid(087e74311d07e1c40933bfa31ac231d5) Importer(815301076,1909f56bfc062723c751e8b465ee728b)
Start importing Assets/Prefabs/UI/SettingsWindow.prefab using Guid(087e74311d07e1c40933bfa31ac231d5) Importer(815301076,1909f56bfc062723c751e8b465ee728b)  -> (artifact id: '3c68353843ef52e4b90d3e1421b38061') in 0.010904 seconds 
========================================================================
Received Import Request.
  Time since last request: 5.471626 seconds.
  path: Assets/Prefabs/UI/SettingsWindow.prefab
  artifactKey: Guid(087e74311d07e1c40933bfa31ac231d5) Importer(815301076,1909f56bfc062723c751e8b465ee728b)
Start importing Assets/Prefabs/UI/SettingsWindow.prefab using Guid(087e74311d07e1c40933bfa31ac231d5) Importer(815301076,1909f56bfc062723c751e8b465ee728b)  -> (artifact id: '290f0dd64de26679170863cfddae2549') in 0.007553 seconds 
========================================================================
Received Import Request.
  Time since last request: 2.819674 seconds.
  path: Assets/Prefabs/UI/SettingsWindow.prefab
  artifactKey: Guid(087e74311d07e1c40933bfa31ac231d5) Importer(815301076,1909f56bfc062723c751e8b465ee728b)
Start importing Assets/Prefabs/UI/SettingsWindow.prefab using Guid(087e74311d07e1c40933bfa31ac231d5) Importer(815301076,1909f56bfc062723c751e8b465ee728b)  -> (artifact id: '4333fc963c922f93a372e51df1a6d7e2') in 0.008777 seconds 
========================================================================
Received Import Request.
  Time since last request: 4.032595 seconds.
  path: Assets/Prefabs/UI/SettingsWindow.prefab
  artifactKey: Guid(087e74311d07e1c40933bfa31ac231d5) Importer(815301076,1909f56bfc062723c751e8b465ee728b)
Start importing Assets/Prefabs/UI/SettingsWindow.prefab using Guid(087e74311d07e1c40933bfa31ac231d5) Importer(815301076,1909f56bfc062723c751e8b465ee728b)  -> (artifact id: 'd3312171bbe3664c777519c237f8c313') in 0.009988 seconds 
========================================================================
Received Import Request.
  Time since last request: 2.004766 seconds.
  path: Assets/Prefabs/UI/SettingsWindow.prefab
  artifactKey: Guid(087e74311d07e1c40933bfa31ac231d5) Importer(815301076,1909f56bfc062723c751e8b465ee728b)
Start importing Assets/Prefabs/UI/SettingsWindow.prefab using Guid(087e74311d07e1c40933bfa31ac231d5) Importer(815301076,1909f56bfc062723c751e8b465ee728b)  -> (artifact id: '7ba9ade5aecad8fbdd9ef622e7e97578') in 0.006825 seconds 
========================================================================
Received Import Request.
  Time since last request: 2.509180 seconds.
  path: Assets/Prefabs/UI/SettingsWindow.prefab
  artifactKey: Guid(087e74311d07e1c40933bfa31ac231d5) Importer(815301076,1909f56bfc062723c751e8b465ee728b)
Start importing Assets/Prefabs/UI/SettingsWindow.prefab using Guid(087e74311d07e1c40933bfa31ac231d5) Importer(815301076,1909f56bfc062723c751e8b465ee728b)  -> (artifact id: 'f54e5c431c5e710d2233da0f339219a3') in 0.007627 seconds 
========================================================================
Received Import Request.
  Time since last request: 7.270174 seconds.
  path: Assets/Prefabs/UI/SettingsWindow.prefab
  artifactKey: Guid(087e74311d07e1c40933bfa31ac231d5) Importer(815301076,1909f56bfc062723c751e8b465ee728b)
Start importing Assets/Prefabs/UI/SettingsWindow.prefab using Guid(087e74311d07e1c40933bfa31ac231d5) Importer(815301076,1909f56bfc062723c751e8b465ee728b)  -> (artifact id: '1254b4f975c44455afd5933bc8aaf706') in 0.008706 seconds 
========================================================================
Received Import Request.
  Time since last request: 12.592395 seconds.
  path: Assets/Prefabs/UI/SettingsWindow.prefab
  artifactKey: Guid(087e74311d07e1c40933bfa31ac231d5) Importer(815301076,1909f56bfc062723c751e8b465ee728b)
Start importing Assets/Prefabs/UI/SettingsWindow.prefab using Guid(087e74311d07e1c40933bfa31ac231d5) Importer(815301076,1909f56bfc062723c751e8b465ee728b)  -> (artifact id: '3a36f3f3a3c78a961ea4ac00faccc020') in 0.006482 seconds 
========================================================================
Received Import Request.
  Time since last request: 10.927671 seconds.
  path: Assets/Prefabs/UI/SettingsWindow.prefab
  artifactKey: Guid(087e74311d07e1c40933bfa31ac231d5) Importer(815301076,1909f56bfc062723c751e8b465ee728b)
Start importing Assets/Prefabs/UI/SettingsWindow.prefab using Guid(087e74311d07e1c40933bfa31ac231d5) Importer(815301076,1909f56bfc062723c751e8b465ee728b)  -> (artifact id: 'f8dc0215cab6788475bd53ac627910fb') in 0.007006 seconds 
========================================================================
Received Import Request.
  Time since last request: 57.572145 seconds.
  path: Assets/Scenes/Level02.unity
  artifactKey: Guid(6f9d5a7c9108b2a448b6d2ac0e03a7ff) Importer(815301076,1909f56bfc062723c751e8b465ee728b)
Start importing Assets/Scenes/Level02.unity using Guid(6f9d5a7c9108b2a448b6d2ac0e03a7ff) Importer(815301076,1909f56bfc062723c751e8b465ee728b)  -> (artifact id: '37fd1a17c9370fa871478ed3d239b2f9') in 0.002245 seconds 
========================================================================
Received Prepare
Registering precompiled user dll's ...
Registered in 0.003793 seconds.
Begin MonoManager ReloadAssembly
Native extension for WindowsStandalone target not found
Refreshing native plugins compatible for Editor in 0.74 ms, found 3 plugins.
Preloading 0 native plugins for Editor in 0.00 ms.
Mono: successfully reloaded assembly
- Completed reload, in  1.073 seconds
Domain Reload Profiling:
	ReloadAssembly (1073ms)
		BeginReloadAssembly (121ms)
			ExecutionOrderSort (0ms)
			DisableScriptedObjects (6ms)
			BackupInstance (0ms)
			ReleaseScriptingObjects (0ms)
			CreateAndSetChildDomain (37ms)
		EndReloadAssembly (890ms)
			LoadAssemblies (113ms)
			RebuildTransferFunctionScriptingTraits (0ms)
			SetupTypeCache (325ms)
			ReleaseScriptCaches (1ms)
			RebuildScriptCaches (45ms)
			SetupLoadedEditorAssemblies (311ms)
				LogAssemblyErrors (0ms)
				InitializePlatformSupportModulesInManaged (3ms)
				SetLoadedEditorAssemblies (1ms)
				RefreshPlugins (1ms)
				BeforeProcessingInitializeOnLoad (98ms)
				ProcessInitializeOnLoadAttributes (193ms)
				ProcessInitializeOnLoadMethodAttributes (11ms)
				AfterProcessingInitializeOnLoad (5ms)
				EditorAssembliesLoaded (0ms)
			ExecutionOrderSort2 (0ms)
			AwakeInstancesAfterBackupRestoration (8ms)
Platform modules already initialized, skipping
Refreshing native plugins compatible for Editor in 0.63 ms, found 3 plugins.
Preloading 0 native plugins for Editor in 0.00 ms.
Unloading 3122 Unused Serialized files (Serialized files now loaded: 0)
System memory in use before: 153.9 MB.
System memory in use after: 154.1 MB.

Unloading 21 unused Assets to reduce memory usage. Loaded Objects now: 3709.
Total: 3.218400 ms (FindLiveObjects: 0.233700 ms CreateObjectMapping: 0.114300 ms MarkObjects: 2.836000 ms  DeleteObjects: 0.033400 ms)

AssetImportParameters requested are different than current active one (requested -> active):
  custom:framework-win-MediaFoundation: 216162199b28c13a410421893ffa2e32 -> 
  custom:video-decoder-ogg-theora: a1e56fd34408186e4bbccfd4996cb3dc -> 
  custom:container-muxer-webm: aa71ff27fc2769a1b78a27578f13a17b -> 
  custom:container-demuxer-webm: 4f35f7cbe854078d1ac9338744f61a02 -> 
  custom:container-demuxer-ogg: 62fdf1f143b41e24485cea50d1cbac27 -> 
  custom:video-encoder-webm-vp8: eb34c28f22e8b96e1ab97ce403110664 -> 
  custom:video-codec-MediaFoundation-h265: 746d11721c4dcdbdad8f713fa42b33f4 -> 
  custom:video-decoder-webm-vp8: 9c59270c3fd7afecdb556c50c9e8de78 -> 
  custom:audio-decoder-ogg-vorbis: bf7c407c2cedff20999df2af8eb42d56 -> 
  custom:audio-encoder-webm-vorbis: bf7c407c2cedff20999df2af8eb42d56 -> 
========================================================================
Received Import Request.
  Time since last request: 55.382178 seconds.
  path: Assets/Prefabs/UI/SettingsWindow.prefab
  artifactKey: Guid(087e74311d07e1c40933bfa31ac231d5) Importer(815301076,1909f56bfc062723c751e8b465ee728b)
Start importing Assets/Prefabs/UI/SettingsWindow.prefab using Guid(087e74311d07e1c40933bfa31ac231d5) Importer(815301076,1909f56bfc062723c751e8b465ee728b)  -> (artifact id: '95d17b5d5cad03ebb3db0bd56220a608') in 0.057964 seconds 
========================================================================
Received Import Request.
  Time since last request: 4.054928 seconds.
  path: Assets/Prefabs/UI/SettingsWindow.prefab
  artifactKey: Guid(087e74311d07e1c40933bfa31ac231d5) Importer(815301076,1909f56bfc062723c751e8b465ee728b)
Start importing Assets/Prefabs/UI/SettingsWindow.prefab using Guid(087e74311d07e1c40933bfa31ac231d5) Importer(815301076,1909f56bfc062723c751e8b465ee728b)  -> (artifact id: '2ab6ad98ffba4bea4cd0bac6bf00cc6d') in 0.007915 seconds 
========================================================================
Received Import Request.
  Time since last request: 5.231693 seconds.
  path: Assets/Prefabs/UI/SettingsWindow.prefab
  artifactKey: Guid(087e74311d07e1c40933bfa31ac231d5) Importer(815301076,1909f56bfc062723c751e8b465ee728b)
Start importing Assets/Prefabs/UI/SettingsWindow.prefab using Guid(087e74311d07e1c40933bfa31ac231d5) Importer(815301076,1909f56bfc062723c751e8b465ee728b)  -> (artifact id: 'df9a6ae238ba9749be4c827d88acf7cf') in 0.008014 seconds 
========================================================================
Received Import Request.
  Time since last request: 6.255217 seconds.
  path: Assets/Prefabs/UI/SettingsWindow.prefab
  artifactKey: Guid(087e74311d07e1c40933bfa31ac231d5) Importer(815301076,1909f56bfc062723c751e8b465ee728b)
Start importing Assets/Prefabs/UI/SettingsWindow.prefab using Guid(087e74311d07e1c40933bfa31ac231d5) Importer(815301076,1909f56bfc062723c751e8b465ee728b)  -> (artifact id: 'b56a9cb743e241f520e5fb4354487621') in 0.007473 seconds 
========================================================================
Received Import Request.
  Time since last request: 7.252504 seconds.
  path: Assets/Prefabs/UI/SettingsWindow.prefab
  artifactKey: Guid(087e74311d07e1c40933bfa31ac231d5) Importer(815301076,1909f56bfc062723c751e8b465ee728b)
Start importing Assets/Prefabs/UI/SettingsWindow.prefab using Guid(087e74311d07e1c40933bfa31ac231d5) Importer(815301076,1909f56bfc062723c751e8b465ee728b)  -> (artifact id: '550332c589f36e7d72d67909b6a28168') in 0.008505 seconds 
========================================================================
Received Import Request.
  Time since last request: 2.006129 seconds.
  path: Assets/Prefabs/UI/SettingsWindow.prefab
  artifactKey: Guid(087e74311d07e1c40933bfa31ac231d5) Importer(815301076,1909f56bfc062723c751e8b465ee728b)
Start importing Assets/Prefabs/UI/SettingsWindow.prefab using Guid(087e74311d07e1c40933bfa31ac231d5) Importer(815301076,1909f56bfc062723c751e8b465ee728b)  -> (artifact id: 'b12ec37d7e025dee83226e29fd46cb8b') in 0.008150 seconds 
========================================================================
Received Import Request.
  Time since last request: 4.240543 seconds.
  path: Assets/Prefabs/UI/SettingsWindow.prefab
  artifactKey: Guid(087e74311d07e1c40933bfa31ac231d5) Importer(815301076,1909f56bfc062723c751e8b465ee728b)
Start importing Assets/Prefabs/UI/SettingsWindow.prefab using Guid(087e74311d07e1c40933bfa31ac231d5) Importer(815301076,1909f56bfc062723c751e8b465ee728b)  -> (artifact id: 'a008b1156755730480fb4284088db2f9') in 0.007750 seconds 
========================================================================
Received Import Request.
  Time since last request: 7.248805 seconds.
  path: Assets/Prefabs/UI/SettingsWindow.prefab
  artifactKey: Guid(087e74311d07e1c40933bfa31ac231d5) Importer(815301076,1909f56bfc062723c751e8b465ee728b)
Start importing Assets/Prefabs/UI/SettingsWindow.prefab using Guid(087e74311d07e1c40933bfa31ac231d5) Importer(815301076,1909f56bfc062723c751e8b465ee728b)  -> (artifact id: '8ec1869598c1d005c4e16216a95c5822') in 0.009114 seconds 
========================================================================
Received Import Request.
  Time since last request: 3.004742 seconds.
  path: Assets/Prefabs/UI/SettingsWindow.prefab
  artifactKey: Guid(087e74311d07e1c40933bfa31ac231d5) Importer(815301076,1909f56bfc062723c751e8b465ee728b)
Start importing Assets/Prefabs/UI/SettingsWindow.prefab using Guid(087e74311d07e1c40933bfa31ac231d5) Importer(815301076,1909f56bfc062723c751e8b465ee728b)  -> (artifact id: 'd60f7ef87da4386cf589b5690f6933c1') in 0.007236 seconds 
========================================================================
Received Import Request.
  Time since last request: 0.591861 seconds.
  path: Assets/Prefabs/UI/SettingsWindow.prefab
  artifactKey: Guid(087e74311d07e1c40933bfa31ac231d5) Importer(815301076,1909f56bfc062723c751e8b465ee728b)
Start importing Assets/Prefabs/UI/SettingsWindow.prefab using Guid(087e74311d07e1c40933bfa31ac231d5) Importer(815301076,1909f56bfc062723c751e8b465ee728b)  -> (artifact id: 'f9026ab5391f65bd355f0639cd7b7d48') in 0.007536 seconds 
========================================================================
Received Import Request.
  Time since last request: 0.405450 seconds.
  path: Assets/Prefabs/UI/SettingsWindow.prefab
  artifactKey: Guid(087e74311d07e1c40933bfa31ac231d5) Importer(815301076,1909f56bfc062723c751e8b465ee728b)
Start importing Assets/Prefabs/UI/SettingsWindow.prefab using Guid(087e74311d07e1c40933bfa31ac231d5) Importer(815301076,1909f56bfc062723c751e8b465ee728b)  -> (artifact id: 'ee5256d5daccb4b602313c5646fb2f04') in 0.007522 seconds 
========================================================================
Received Import Request.
  Time since last request: 0.374643 seconds.
  path: Assets/Prefabs/UI/SettingsWindow.prefab
  artifactKey: Guid(087e74311d07e1c40933bfa31ac231d5) Importer(815301076,1909f56bfc062723c751e8b465ee728b)
Start importing Assets/Prefabs/UI/SettingsWindow.prefab using Guid(087e74311d07e1c40933bfa31ac231d5) Importer(815301076,1909f56bfc062723c751e8b465ee728b)  -> (artifact id: '6b2f25e19dcb993f41456f36a3d6907d') in 0.006782 seconds 
========================================================================
Received Import Request.
  Time since last request: 10.905225 seconds.
  path: Assets/Prefabs/UI/SettingsWindow.prefab
  artifactKey: Guid(087e74311d07e1c40933bfa31ac231d5) Importer(815301076,1909f56bfc062723c751e8b465ee728b)
Start importing Assets/Prefabs/UI/SettingsWindow.prefab using Guid(087e74311d07e1c40933bfa31ac231d5) Importer(815301076,1909f56bfc062723c751e8b465ee728b)  -> (artifact id: '475a629005bb76e76e6de51d183b73d1') in 0.007334 seconds 
========================================================================
Received Import Request.
  Time since last request: 3.611812 seconds.
  path: Assets/Prefabs/UI/SettingsWindow.prefab
  artifactKey: Guid(087e74311d07e1c40933bfa31ac231d5) Importer(815301076,1909f56bfc062723c751e8b465ee728b)
Start importing Assets/Prefabs/UI/SettingsWindow.prefab using Guid(087e74311d07e1c40933bfa31ac231d5) Importer(815301076,1909f56bfc062723c751e8b465ee728b)  -> (artifact id: '5667a4926451f1dfbfbf305453fa2a13') in 0.007719 seconds 
========================================================================
Received Import Request.
  Time since last request: 0.793097 seconds.
  path: Assets/Prefabs/UI/SettingsWindow.prefab
  artifactKey: Guid(087e74311d07e1c40933bfa31ac231d5) Importer(815301076,1909f56bfc062723c751e8b465ee728b)
Start importing Assets/Prefabs/UI/SettingsWindow.prefab using Guid(087e74311d07e1c40933bfa31ac231d5) Importer(815301076,1909f56bfc062723c751e8b465ee728b)  -> (artifact id: '312cf743575c6509bcac44020cda90e9') in 0.008168 seconds 
========================================================================
Received Import Request.
  Time since last request: 6.670316 seconds.
  path: Assets/Prefabs/UI/SettingsWindow.prefab
  artifactKey: Guid(087e74311d07e1c40933bfa31ac231d5) Importer(815301076,1909f56bfc062723c751e8b465ee728b)
Start importing Assets/Prefabs/UI/SettingsWindow.prefab using Guid(087e74311d07e1c40933bfa31ac231d5) Importer(815301076,1909f56bfc062723c751e8b465ee728b)  -> (artifact id: 'e70123d6028dabb06067cf57520c2840') in 0.007513 seconds 
========================================================================
Received Prepare
Registering precompiled user dll's ...
Registered in 0.003966 seconds.
Begin MonoManager ReloadAssembly
Native extension for WindowsStandalone target not found
Refreshing native plugins compatible for Editor in 0.79 ms, found 3 plugins.
Preloading 0 native plugins for Editor in 0.00 ms.
Mono: successfully reloaded assembly
- Completed reload, in  1.232 seconds
Domain Reload Profiling:
	ReloadAssembly (1233ms)
		BeginReloadAssembly (157ms)
			ExecutionOrderSort (0ms)
			DisableScriptedObjects (7ms)
			BackupInstance (0ms)
			ReleaseScriptingObjects (0ms)
			CreateAndSetChildDomain (50ms)
		EndReloadAssembly (990ms)
			LoadAssemblies (142ms)
			RebuildTransferFunctionScriptingTraits (0ms)
			SetupTypeCache (377ms)
			ReleaseScriptCaches (1ms)
			RebuildScriptCaches (52ms)
			SetupLoadedEditorAssemblies (326ms)
				LogAssemblyErrors (0ms)
				InitializePlatformSupportModulesInManaged (4ms)
				SetLoadedEditorAssemblies (1ms)
				RefreshPlugins (1ms)
				BeforeProcessingInitializeOnLoad (99ms)
				ProcessInitializeOnLoadAttributes (204ms)
				ProcessInitializeOnLoadMethodAttributes (11ms)
				AfterProcessingInitializeOnLoad (7ms)
				EditorAssembliesLoaded (0ms)
			ExecutionOrderSort2 (0ms)
			AwakeInstancesAfterBackupRestoration (8ms)
Platform modules already initialized, skipping
Refreshing native plugins compatible for Editor in 0.64 ms, found 3 plugins.
Preloading 0 native plugins for Editor in 0.00 ms.
Unloading 3122 Unused Serialized files (Serialized files now loaded: 0)
System memory in use before: 153.9 MB.
System memory in use after: 154.2 MB.

Unloading 21 unused Assets to reduce memory usage. Loaded Objects now: 3712.
Total: 3.134900 ms (FindLiveObjects: 0.250000 ms CreateObjectMapping: 0.128400 ms MarkObjects: 2.722500 ms  DeleteObjects: 0.032900 ms)

AssetImportParameters requested are different than current active one (requested -> active):
  custom:framework-win-MediaFoundation: 216162199b28c13a410421893ffa2e32 -> 
  custom:video-decoder-ogg-theora: a1e56fd34408186e4bbccfd4996cb3dc -> 
  custom:container-muxer-webm: aa71ff27fc2769a1b78a27578f13a17b -> 
  custom:container-demuxer-webm: 4f35f7cbe854078d1ac9338744f61a02 -> 
  custom:container-demuxer-ogg: 62fdf1f143b41e24485cea50d1cbac27 -> 
  custom:video-encoder-webm-vp8: eb34c28f22e8b96e1ab97ce403110664 -> 
  custom:video-codec-MediaFoundation-h265: 746d11721c4dcdbdad8f713fa42b33f4 -> 
  custom:video-decoder-webm-vp8: 9c59270c3fd7afecdb556c50c9e8de78 -> 
  custom:audio-decoder-ogg-vorbis: bf7c407c2cedff20999df2af8eb42d56 -> 
  custom:audio-encoder-webm-vorbis: bf7c407c2cedff20999df2af8eb42d56 -> 
========================================================================
Received Prepare
Registering precompiled user dll's ...
Registered in 0.004619 seconds.
Begin MonoManager ReloadAssembly
Native extension for WindowsStandalone target not found
Refreshing native plugins compatible for Editor in 0.72 ms, found 3 plugins.
Preloading 0 native plugins for Editor in 0.00 ms.
Mono: successfully reloaded assembly
- Completed reload, in  1.096 seconds
Domain Reload Profiling:
	ReloadAssembly (1097ms)
		BeginReloadAssembly (119ms)
			ExecutionOrderSort (0ms)
			DisableScriptedObjects (6ms)
			BackupInstance (0ms)
			ReleaseScriptingObjects (0ms)
			CreateAndSetChildDomain (34ms)
		EndReloadAssembly (916ms)
			LoadAssemblies (106ms)
			RebuildTransferFunctionScriptingTraits (0ms)
			SetupTypeCache (320ms)
			ReleaseScriptCaches (1ms)
			RebuildScriptCaches (46ms)
			SetupLoadedEditorAssemblies (334ms)
				LogAssemblyErrors (0ms)
				InitializePlatformSupportModulesInManaged (4ms)
				SetLoadedEditorAssemblies (0ms)
				RefreshPlugins (1ms)
				BeforeProcessingInitializeOnLoad (97ms)
				ProcessInitializeOnLoadAttributes (215ms)
				ProcessInitializeOnLoadMethodAttributes (11ms)
				AfterProcessingInitializeOnLoad (6ms)
				EditorAssembliesLoaded (0ms)
			ExecutionOrderSort2 (0ms)
			AwakeInstancesAfterBackupRestoration (8ms)
Platform modules already initialized, skipping
Refreshing native plugins compatible for Editor in 0.90 ms, found 3 plugins.
Preloading 0 native plugins for Editor in 0.00 ms.
Unloading 3122 Unused Serialized files (Serialized files now loaded: 0)
System memory in use before: 153.9 MB.
System memory in use after: 154.2 MB.

Unloading 15 unused Assets to reduce memory usage. Loaded Objects now: 3715.
Total: 4.374500 ms (FindLiveObjects: 0.395900 ms CreateObjectMapping: 0.202300 ms MarkObjects: 3.750500 ms  DeleteObjects: 0.024600 ms)

AssetImportParameters requested are different than current active one (requested -> active):
  custom:framework-win-MediaFoundation: 216162199b28c13a410421893ffa2e32 -> 
  custom:video-decoder-ogg-theora: a1e56fd34408186e4bbccfd4996cb3dc -> 
  custom:container-muxer-webm: aa71ff27fc2769a1b78a27578f13a17b -> 
  custom:container-demuxer-webm: 4f35f7cbe854078d1ac9338744f61a02 -> 
  custom:container-demuxer-ogg: 62fdf1f143b41e24485cea50d1cbac27 -> 
  custom:video-encoder-webm-vp8: eb34c28f22e8b96e1ab97ce403110664 -> 
  custom:video-codec-MediaFoundation-h265: 746d11721c4dcdbdad8f713fa42b33f4 -> 
  custom:video-decoder-webm-vp8: 9c59270c3fd7afecdb556c50c9e8de78 -> 
  custom:audio-decoder-ogg-vorbis: bf7c407c2cedff20999df2af8eb42d56 -> 
  custom:audio-encoder-webm-vorbis: bf7c407c2cedff20999df2af8eb42d56 -> 
========================================================================
Received Import Request.
  Time since last request: 452.408182 seconds.
  path: Assets/MainMenu/titre.psd
  artifactKey: Guid(5a0313d8891064241939c9c5597ecfd6) Importer(815301076,1909f56bfc062723c751e8b465ee728b)
Start importing Assets/MainMenu/titre.psd using Guid(5a0313d8891064241939c9c5597ecfd6) Importer(815301076,1909f56bfc062723c751e8b465ee728b)  -> (artifact id: '9f2a3b41321eaf2849b015b2adabf77d') in 0.136682 seconds 
========================================================================
Received Prepare
Registering precompiled user dll's ...
Registered in 0.005153 seconds.
Begin MonoManager ReloadAssembly
Native extension for WindowsStandalone target not found
Refreshing native plugins compatible for Editor in 1.03 ms, found 3 plugins.
Preloading 0 native plugins for Editor in 0.00 ms.
Mono: successfully reloaded assembly
- Completed reload, in  1.400 seconds
Domain Reload Profiling:
	ReloadAssembly (1400ms)
		BeginReloadAssembly (139ms)
			ExecutionOrderSort (0ms)
			DisableScriptedObjects (8ms)
			BackupInstance (0ms)
			ReleaseScriptingObjects (0ms)
			CreateAndSetChildDomain (44ms)
		EndReloadAssembly (1190ms)
			LoadAssemblies (125ms)
			RebuildTransferFunctionScriptingTraits (0ms)
			SetupTypeCache (461ms)
			ReleaseScriptCaches (2ms)
			RebuildScriptCaches (60ms)
			SetupLoadedEditorAssemblies (414ms)
				LogAssemblyErrors (0ms)
				InitializePlatformSupportModulesInManaged (4ms)
				SetLoadedEditorAssemblies (1ms)
				RefreshPlugins (1ms)
				BeforeProcessingInitializeOnLoad (120ms)
				ProcessInitializeOnLoadAttributes (265ms)
				ProcessInitializeOnLoadMethodAttributes (16ms)
				AfterProcessingInitializeOnLoad (7ms)
				EditorAssembliesLoaded (0ms)
			ExecutionOrderSort2 (0ms)
			AwakeInstancesAfterBackupRestoration (11ms)
Platform modules already initialized, skipping
Refreshing native plugins compatible for Editor in 1.55 ms, found 3 plugins.
Preloading 0 native plugins for Editor in 0.00 ms.
Unloading 3122 Unused Serialized files (Serialized files now loaded: 0)
System memory in use before: 156.9 MB.
System memory in use after: 157.1 MB.

Unloading 15 unused Assets to reduce memory usage. Loaded Objects now: 3724.
Total: 4.545200 ms (FindLiveObjects: 0.322800 ms CreateObjectMapping: 0.157800 ms MarkObjects: 4.027200 ms  DeleteObjects: 0.035500 ms)

AssetImportParameters requested are different than current active one (requested -> active):
  custom:framework-win-MediaFoundation: 216162199b28c13a410421893ffa2e32 -> 
  custom:video-decoder-ogg-theora: a1e56fd34408186e4bbccfd4996cb3dc -> 
  custom:container-muxer-webm: aa71ff27fc2769a1b78a27578f13a17b -> 
  custom:container-demuxer-webm: 4f35f7cbe854078d1ac9338744f61a02 -> 
  custom:container-demuxer-ogg: 62fdf1f143b41e24485cea50d1cbac27 -> 
  custom:video-encoder-webm-vp8: eb34c28f22e8b96e1ab97ce403110664 -> 
  custom:video-codec-MediaFoundation-h265: 746d11721c4dcdbdad8f713fa42b33f4 -> 
  custom:video-decoder-webm-vp8: 9c59270c3fd7afecdb556c50c9e8de78 -> 
  custom:audio-decoder-ogg-vorbis: bf7c407c2cedff20999df2af8eb42d56 -> 
  custom:audio-encoder-webm-vorbis: bf7c407c2cedff20999df2af8eb42d56 -> 
========================================================================
Received Prepare
Registering precompiled user dll's ...
Registered in 0.003839 seconds.
Begin MonoManager ReloadAssembly
Native extension for WindowsStandalone target not found
Refreshing native plugins compatible for Editor in 0.73 ms, found 3 plugins.
Preloading 0 native plugins for Editor in 0.00 ms.
Mono: successfully reloaded assembly
- Completed reload, in  1.482 seconds
Domain Reload Profiling:
	ReloadAssembly (1482ms)
		BeginReloadAssembly (119ms)
			ExecutionOrderSort (0ms)
			DisableScriptedObjects (6ms)
			BackupInstance (0ms)
			ReleaseScriptingObjects (0ms)
			CreateAndSetChildDomain (37ms)
		EndReloadAssembly (1277ms)
			LoadAssemblies (121ms)
			RebuildTransferFunctionScriptingTraits (0ms)
			SetupTypeCache (426ms)
			ReleaseScriptCaches (1ms)
			RebuildScriptCaches (57ms)
			SetupLoadedEditorAssemblies (472ms)
				LogAssemblyErrors (0ms)
				InitializePlatformSupportModulesInManaged (3ms)
				SetLoadedEditorAssemblies (1ms)
				RefreshPlugins (1ms)
				BeforeProcessingInitializeOnLoad (105ms)
				ProcessInitializeOnLoadAttributes (341ms)
				ProcessInitializeOnLoadMethodAttributes (14ms)
				AfterProcessingInitializeOnLoad (6ms)
				EditorAssembliesLoaded (0ms)
			ExecutionOrderSort2 (0ms)
			AwakeInstancesAfterBackupRestoration (16ms)
Platform modules already initialized, skipping
Refreshing native plugins compatible for Editor in 3.44 ms, found 3 plugins.
Preloading 0 native plugins for Editor in 0.00 ms.
Unloading 3122 Unused Serialized files (Serialized files now loaded: 0)
System memory in use before: 156.9 MB.
System memory in use after: 157.2 MB.

Unloading 15 unused Assets to reduce memory usage. Loaded Objects now: 3727.
Total: 18.478900 ms (FindLiveObjects: 2.300600 ms CreateObjectMapping: 0.239500 ms MarkObjects: 15.895700 ms  DeleteObjects: 0.041200 ms)

AssetImportParameters requested are different than current active one (requested -> active):
  custom:framework-win-MediaFoundation: 216162199b28c13a410421893ffa2e32 -> 
  custom:video-decoder-ogg-theora: a1e56fd34408186e4bbccfd4996cb3dc -> 
  custom:container-muxer-webm: aa71ff27fc2769a1b78a27578f13a17b -> 
  custom:container-demuxer-webm: 4f35f7cbe854078d1ac9338744f61a02 -> 
  custom:container-demuxer-ogg: 62fdf1f143b41e24485cea50d1cbac27 -> 
  custom:video-encoder-webm-vp8: eb34c28f22e8b96e1ab97ce403110664 -> 
  custom:video-codec-MediaFoundation-h265: 746d11721c4dcdbdad8f713fa42b33f4 -> 
  custom:video-decoder-webm-vp8: 9c59270c3fd7afecdb556c50c9e8de78 -> 
  custom:audio-decoder-ogg-vorbis: bf7c407c2cedff20999df2af8eb42d56 -> 
  custom:audio-encoder-webm-vorbis: bf7c407c2cedff20999df2af8eb42d56 -> 
========================================================================
Received Prepare
Refreshing native plugins compatible for Editor in 4.92 ms, found 3 plugins.
Preloading 0 native plugins for Editor in 0.00 ms.
Unloading 13 Unused Serialized files (Serialized files now loaded: 0)
System memory in use before: 95.2 MB.
System memory in use after: 95.5 MB.

Unloading 13 unused Assets to reduce memory usage. Loaded Objects now: 3727.
Total: 4.037800 ms (FindLiveObjects: 0.258100 ms CreateObjectMapping: 0.153300 ms MarkObjects: 3.600000 ms  DeleteObjects: 0.025400 ms)

AssetImportParameters requested are different than current active one (requested -> active):
  custom:framework-win-MediaFoundation: 216162199b28c13a410421893ffa2e32 -> 
  custom:video-decoder-ogg-theora: a1e56fd34408186e4bbccfd4996cb3dc -> 
  custom:container-muxer-webm: aa71ff27fc2769a1b78a27578f13a17b -> 
  custom:container-demuxer-webm: 4f35f7cbe854078d1ac9338744f61a02 -> 
  custom:container-demuxer-ogg: 62fdf1f143b41e24485cea50d1cbac27 -> 
  custom:video-encoder-webm-vp8: eb34c28f22e8b96e1ab97ce403110664 -> 
  custom:video-codec-MediaFoundation-h265: 746d11721c4dcdbdad8f713fa42b33f4 -> 
  custom:video-decoder-webm-vp8: 9c59270c3fd7afecdb556c50c9e8de78 -> 
  custom:audio-decoder-ogg-vorbis: bf7c407c2cedff20999df2af8eb42d56 -> 
  custom:audio-encoder-webm-vorbis: bf7c407c2cedff20999df2af8eb42d56 -> 
AssetImportWorkerClient::OnTransportError - code=2 error=End of file
